<?xml version="1.0" encoding="UTF-8"?>
<!-- Generated by org.testng.reporters.JUnitXMLReporter -->
<testsuite ignored="0" hostname="EG-5CG9363CLN" failures="1" tests="1" name="Regression Test" time="68.84" errors="0" timestamp="2021-02-25T05:03:09 EET">
  <testcase classname="TestCases.RegisterAndMakeOrder" name="UserRegAndMakeOrder" time="58.72">
    <failure type="java.lang.AssertionError" message="Lists differ at element [9]: $28.98 !=  expected [$28.98] but found []">
      <![CDATA[java.lang.AssertionError: Lists differ at element [9]: $28.98 !=  expected [$28.98] but found []
at TestCases.RegisterAndMakeOrder.UserRegAndMakeOrder(RegisterAndMakeOrder.java:70)
at java.base/java.util.ArrayList.forEach(ArrayList.java:1511)
... Removed 32 stack frames]]>
    </failure>
  </testcase> <!-- UserRegAndMakeOrder -->
</testsuite> <!-- Regression Test -->
