<?xml version="1.0" encoding="UTF-8"?>
<testng-results ignored="0" total="1" passed="1" failed="0" skipped="0">
  <reporter-output>
  </reporter-output>
  <suite started-at="2021-02-25T11:21:29 EET" name="Default suite" finished-at="2021-02-25T11:23:19 EET" duration-ms="109927">
    <groups>
      <group name="cucumber">
        <method signature="AbstractTestNGCucumberTests.feature(cucumber.api.testng.CucumberFeatureWrapper)[pri:0, instance:runner.TestRunner@4b0d79fc]" name="feature" class="cucumber.api.testng.AbstractTestNGCucumberTests"/>
      </group> <!-- cucumber -->
    </groups>
    <test started-at="2021-02-25T11:21:29 EET" name="Default test" finished-at="2021-02-25T11:23:19 EET" duration-ms="109927">
      <class name="runner.TestRunner">
        <test-method is-config="true" signature="startDriver(java.lang.String)[pri:0, instance:runner.TestRunner@4b0d79fc]" started-at="2021-02-25T11:20:51 EET" name="startDriver" finished-at="2021-02-25T11:21:29 EET" duration-ms="38346" status="PASS">
          <params>
            <param index="0">
              <value>
                <![CDATA[chrome]]>
              </value>
            </param>
          </params>
          <reporter-output>
          </reporter-output>
        </test-method> <!-- startDriver -->
        <test-method is-config="true" signature="setUpClass()[pri:0, instance:runner.TestRunner@4b0d79fc]" started-at="2021-02-25T11:21:29 EET" name="setUpClass" finished-at="2021-02-25T11:21:31 EET" duration-ms="2222" status="PASS">
          <reporter-output>
          </reporter-output>
        </test-method> <!-- setUpClass -->
        <test-method signature="feature(cucumber.api.testng.CucumberFeatureWrapper)[pri:0, instance:runner.TestRunner@4b0d79fc]" started-at="2021-02-25T11:21:32 EET" name="feature" description="Runs Cucumber Feature" data-provider="features" finished-at="2021-02-25T11:23:18 EET" duration-ms="105769" status="PASS">
          <params>
            <param index="0">
              <value>
                <![CDATA[RegisterAndMakeOrder]]>
              </value>
            </param>
          </params>
          <reporter-output>
          </reporter-output>
        </test-method> <!-- feature -->
        <test-method is-config="true" signature="screenshotOnFailure(org.testng.ITestResult)[pri:0, instance:runner.TestRunner@4b0d79fc]" started-at="2021-02-25T11:23:19 EET" name="screenshotOnFailure" finished-at="2021-02-25T11:23:19 EET" duration-ms="11" status="PASS">
          <params>
            <param index="0">
              <value>
                <![CDATA[[TestResult name=feature status=SUCCESS method=AbstractTestNGCucumberTests.feature(cucumber.api.testng.CucumberFeatureWrapper)[pri:0, instance:runner.TestRunner@4b0d79fc] output={null}]]]>
              </value>
            </param>
          </params>
          <reporter-output>
          </reporter-output>
        </test-method> <!-- screenshotOnFailure -->
        <test-method is-config="true" signature="tearDownClass()[pri:0, instance:runner.TestRunner@4b0d79fc]" started-at="2021-02-25T11:23:19 EET" name="tearDownClass" finished-at="2021-02-25T11:23:19 EET" duration-ms="114" status="PASS">
          <reporter-output>
          </reporter-output>
        </test-method> <!-- tearDownClass -->
        <test-method is-config="true" signature="stopDriver()[pri:0, instance:runner.TestRunner@4b0d79fc]" started-at="2021-02-25T11:23:19 EET" name="stopDriver" finished-at="2021-02-25T11:23:22 EET" duration-ms="2483" status="PASS">
          <reporter-output>
          </reporter-output>
        </test-method> <!-- stopDriver -->
      </class> <!-- runner.TestRunner -->
    </test> <!-- Default test -->
  </suite> <!-- Default suite -->
</testng-results>
